Using pre-set license
Built from '2021.3/staging' branch; Version is '2021.3.15f1 (e8e88683f834) revision 15263878'; Using compiler version '192829333'; Build Type 'Release'
OS: 'Windows 11  (10.0.22621) 64bit Core' Language: 'en' Physical Memory: 65329 MB
BatchMode: 1, IsHumanControllingUs: 0, StartBugReporterOnCrash: 0, Is64bit: 1, IsPro: 1

COMMAND LINE ARGUMENTS:
H:\Unity\2021.3.15f1\Editor\Unity.exe
-adb2
-batchMode
-noUpm
-name
AssetImportWorker2
-projectPath
G:/Unity Projects/Grid Defence/Grid-Defence-ARDK3.0/Grid Defense
-logFile
Logs/AssetImportWorker2.log
-srvPort
55770
Successfully changed project path to: G:/Unity Projects/Grid Defence/Grid-Defence-ARDK3.0/Grid Defense
G:/Unity Projects/Grid Defence/Grid-Defence-ARDK3.0/Grid Defense
[UnityMemory] Configuration Parameters - Can be set up in boot.config
    "memorysetup-bucket-allocator-granularity=16"
    "memorysetup-bucket-allocator-bucket-count=8"
    "memorysetup-bucket-allocator-block-size=33554432"
    "memorysetup-bucket-allocator-block-count=8"
    "memorysetup-main-allocator-block-size=16777216"
    "memorysetup-thread-allocator-block-size=16777216"
    "memorysetup-gfx-main-allocator-block-size=16777216"
    "memorysetup-gfx-thread-allocator-block-size=16777216"
    "memorysetup-cache-allocator-block-size=4194304"
    "memorysetup-typetree-allocator-block-size=2097152"
    "memorysetup-profiler-bucket-allocator-granularity=16"
    "memorysetup-profiler-bucket-allocator-bucket-count=8"
    "memorysetup-profiler-bucket-allocator-block-size=33554432"
    "memorysetup-profiler-bucket-allocator-block-count=8"
    "memorysetup-profiler-allocator-block-size=16777216"
    "memorysetup-profiler-editor-allocator-block-size=1048576"
    "memorysetup-temp-allocator-size-main=16777216"
    "memorysetup-job-temp-allocator-block-size=2097152"
    "memorysetup-job-temp-allocator-block-size-background=1048576"
    "memorysetup-job-temp-allocator-reduction-small-platforms=262144"
    "memorysetup-temp-allocator-size-background-worker=32768"
    "memorysetup-temp-allocator-size-job-worker=262144"
    "memorysetup-temp-allocator-size-preload-manager=33554432"
    "memorysetup-temp-allocator-size-nav-mesh-worker=65536"
    "memorysetup-temp-allocator-size-audio-worker=65536"
    "memorysetup-temp-allocator-size-cloud-worker=32768"
    "memorysetup-temp-allocator-size-gi-baking-worker=262144"
    "memorysetup-temp-allocator-size-gfx=262144"
Player connection [23060] Host "[IP] 192.168.50.186 [Port] 0 [Flags] 2 [Guid] 2022309448 [EditorId] 2022309448 [Version] 1048832 [Id] WindowsEditor(7,BLD) [Debug] 1 [PackageName] WindowsEditor [ProjectName] Editor" joined multi-casting on [225.0.0.222:54997]...

Player connection [23060] Host "[IP] 192.168.50.186 [Port] 0 [Flags] 2 [Guid] 2022309448 [EditorId] 2022309448 [Version] 1048832 [Id] WindowsEditor(7,BLD) [Debug] 1 [PackageName] WindowsEditor [ProjectName] Editor" joined alternative multi-casting on [225.0.0.222:34997]...

Refreshing native plugins compatible for Editor in 119.88 ms, found 10 plugins.
Preloading 0 native plugins for Editor in 0.00 ms.
Initialize engine version: 2021.3.15f1 (e8e88683f834)
[Subsystems] Discovering subsystems at path H:/Unity/2021.3.15f1/Editor/Data/Resources/UnitySubsystems
[Subsystems] Discovering subsystems at path G:/Unity Projects/Grid Defence/Grid-Defence-ARDK3.0/Grid Defense/Assets
GfxDevice: creating device client; threaded=0; jobified=0
Direct3D:
    Version:  Direct3D 11.0 [level 11.1]
    Renderer: NVIDIA GeForce RTX 3080 (ID=0x2206)
    Vendor:   NVIDIA
    VRAM:     10067 MB
    Driver:   31.0.15.3161
Initialize mono
Mono path[0] = 'H:/Unity/2021.3.15f1/Editor/Data/Managed'
Mono path[1] = 'H:/Unity/2021.3.15f1/Editor/Data/MonoBleedingEdge/lib/mono/unityjit-win32'
Mono config path = 'H:/Unity/2021.3.15f1/Editor/Data/MonoBleedingEdge/etc'
Using monoOptions --debugger-agent=transport=dt_socket,embedding=1,server=y,suspend=n,address=127.0.0.1:56456
Begin MonoManager ReloadAssembly
Registering precompiled unity dll's ...
Register platform support module: H:/Unity/2021.3.15f1/Editor/Data/PlaybackEngines/WebGLSupport/UnityEditor.WebGL.Extensions.dll
Register platform support module: H:/Unity/2021.3.15f1/Editor/Data/PlaybackEngines/AndroidPlayer/UnityEditor.Android.Extensions.dll
Register platform support module: H:/Unity/2021.3.15f1/Editor/Data/PlaybackEngines/iOSSupport/UnityEditor.iOS.Extensions.dll
Register platform support module: H:/Unity/2021.3.15f1/Editor/Data/PlaybackEngines/WindowsStandaloneSupport/UnityEditor.WindowsStandalone.Extensions.dll
Registered in 0.002524 seconds.
Native extension for WindowsStandalone target not found
Native extension for iOS target not found
Native extension for Android target not found
Native extension for WebGL target not found
Refreshing native plugins compatible for Editor in 113.11 ms, found 10 plugins.
Preloading 0 native plugins for Editor in 0.00 ms.
Mono: successfully reloaded assembly
- Completed reload, in  0.590 seconds
Domain Reload Profiling:
	ReloadAssembly (590ms)
		BeginReloadAssembly (79ms)
			ExecutionOrderSort (0ms)
			DisableScriptedObjects (0ms)
			BackupInstance (0ms)
			ReleaseScriptingObjects (0ms)
			CreateAndSetChildDomain (1ms)
		EndReloadAssembly (434ms)
			LoadAssemblies (79ms)
			RebuildTransferFunctionScriptingTraits (0ms)
			SetupTypeCache (83ms)
			ReleaseScriptCaches (0ms)
			RebuildScriptCaches (23ms)
			SetupLoadedEditorAssemblies (284ms)
				LogAssemblyErrors (0ms)
				InitializePlatformSupportModulesInManaged (50ms)
				SetLoadedEditorAssemblies (0ms)
				RefreshPlugins (113ms)
				BeforeProcessingInitializeOnLoad (1ms)
				ProcessInitializeOnLoadAttributes (81ms)
				ProcessInitializeOnLoadMethodAttributes (38ms)
				AfterProcessingInitializeOnLoad (0ms)
				EditorAssembliesLoaded (0ms)
			ExecutionOrderSort2 (0ms)
			AwakeInstancesAfterBackupRestoration (0ms)
Platform modules already initialized, skipping
Registering precompiled user dll's ...
Registered in 0.015017 seconds.
Begin MonoManager ReloadAssembly
Native extension for WindowsStandalone target not found
Native extension for iOS target not found
Native extension for Android target not found
Native extension for WebGL target not found
Refreshing native plugins compatible for Editor in 112.77 ms, found 10 plugins.
Preloading 0 native plugins for Editor in 0.00 ms.
[ScriptCompilation] NOT recompiling all scripts because this is an import worker process. Reason to compile was: Define symbols changed
Package Manager log level set to [2]
You have project configuration issues (Missing Lightship API Key). Please navigate to Lightship -> Project Validation to resolve them
UnityEngine.StackTraceUtility:ExtractStackTrace ()
UnityEngine.DebugLogHandler:LogFormat (UnityEngine.LogType,UnityEngine.Object,string,object[])
UnityEngine.Logger:Log (UnityEngine.LogType,object)
UnityEngine.Debug:LogWarning (object)
Niantic.Lightship.AR.Loader.LightshipSettings:ValidateApiKey (string) (at C:/Users/biao3/Downloads/ardk-upm-main/ardk-upm-main/Runtime/Loader/LightshipSettings.cs:183)
Niantic.Lightship.AR.Loader.LightshipSettings:GetOrCreateInstance () (at C:/Users/biao3/Downloads/ardk-upm-main/ardk-upm-main/Runtime/Loader/LightshipSettings.cs:174)
Niantic.Lightship.AR.Loader.LightshipSettings:get_Instance () (at C:/Users/biao3/Downloads/ardk-upm-main/ardk-upm-main/Runtime/Loader/LightshipSettings.cs:148)
Niantic.Lightship.AR.Editor.LightshipSDKProjectValidationRules:.cctor () (at C:/Users/biao3/Downloads/ardk-upm-main/ardk-upm-main/Editor/ProjectValidation/LightshipSDKProjectValidationRules.cs:17)
System.Reflection.RuntimeMethodInfo:Invoke (object,System.Reflection.BindingFlags,System.Reflection.Binder,object[],System.Globalization.CultureInfo)
System.Reflection.MethodBase:Invoke (object,object[])
UnityEditor.EditorAssemblies:ProcessInitializeOnLoadMethodAttributes ()

(Filename: C:/Users/biao3/Downloads/ardk-upm-main/ardk-upm-main/Runtime/Loader/LightshipSettings.cs Line: 183)

Mono: successfully reloaded assembly
- Completed reload, in  1.547 seconds
Domain Reload Profiling:
	ReloadAssembly (1548ms)
		BeginReloadAssembly (223ms)
			ExecutionOrderSort (0ms)
			DisableScriptedObjects (5ms)
			BackupInstance (0ms)
			ReleaseScriptingObjects (0ms)
			CreateAndSetChildDomain (128ms)
		EndReloadAssembly (1226ms)
			LoadAssemblies (117ms)
			RebuildTransferFunctionScriptingTraits (0ms)
			SetupTypeCache (261ms)
			ReleaseScriptCaches (1ms)
			RebuildScriptCaches (62ms)
			SetupLoadedEditorAssemblies (768ms)
				LogAssemblyErrors (0ms)
				InitializePlatformSupportModulesInManaged (22ms)
				SetLoadedEditorAssemblies (0ms)
				RefreshPlugins (113ms)
				BeforeProcessingInitializeOnLoad (132ms)
				ProcessInitializeOnLoadAttributes (407ms)
				ProcessInitializeOnLoadMethodAttributes (92ms)
				AfterProcessingInitializeOnLoad (2ms)
				EditorAssembliesLoaded (0ms)
			ExecutionOrderSort2 (0ms)
			AwakeInstancesAfterBackupRestoration (5ms)
Platform modules already initialized, skipping
========================================================================
Worker process is ready to serve import requests
Launched and connected shader compiler UnityShaderCompiler.exe after 0.04 seconds
Refreshing native plugins compatible for Editor in 3.12 ms, found 10 plugins.
Preloading 0 native plugins for Editor in 0.00 ms.
Unloading 6882 Unused Serialized files (Serialized files now loaded: 0)
Unloading 89 unused Assets / (2.5 MB). Loaded Objects now: 7316.
Memory consumption went from 262.5 MB to 260.0 MB.
Total: 6.377700 ms (FindLiveObjects: 0.557900 ms CreateObjectMapping: 0.743100 ms MarkObjects: 3.994800 ms  DeleteObjects: 1.080700 ms)

AssetImportParameters requested are different than current active one (requested -> active):
  custom:video-decoder-ogg-theora: a1e56fd34408186e4bbccfd4996cb3dc -> 
  custom:container-muxer-webm: aa71ff27fc2769a1b78a27578f13a17b -> 
  custom:container-demuxer-webm: 4f35f7cbe854078d1ac9338744f61a02 -> 
  custom:video-encoder-webm-vp8: eb34c28f22e8b96e1ab97ce403110664 -> 
  custom:audio-encoder-webm-vorbis: bf7c407c2cedff20999df2af8eb42d56 -> 
  custom:framework-win-MediaFoundation: 216162199b28c13a410421893ffa2e32 -> 
  custom:container-demuxer-ogg: 62fdf1f143b41e24485cea50d1cbac27 -> 
  custom:video-decoder-webm-vp8: 9c59270c3fd7afecdb556c50c9e8de78 -> 
  custom:audio-decoder-ogg-vorbis: bf7c407c2cedff20999df2af8eb42d56 -> 
========================================================================
Received Import Request.
  Time since last request: 2519.119692 seconds.
  path: Assets/XR/XRGeneralSettings.asset
  artifactKey: Guid(d1a47a487cb59c74cbe709ee49920396) Importer(815301076,1909f56bfc062723c751e8b465ee728b)
Start importing Assets/XR/XRGeneralSettings.asset using Guid(d1a47a487cb59c74cbe709ee49920396) Importer(815301076,1909f56bfc062723c751e8b465ee728b)  -> (artifact id: 'ae38b289141c82f26e9ffc8fe08aa9ff') in 0.042760 seconds 
========================================================================
Received Import Request.
  Time since last request: 4.133062 seconds.
  path: Packages/com.nianticlabs.lightship/package.json
  artifactKey: Guid(2aa7ae525a111477b8fda4f6786c5290) Importer(815301076,1909f56bfc062723c751e8b465ee728b)
Start importing Packages/com.nianticlabs.lightship/package.json using Guid(2aa7ae525a111477b8fda4f6786c5290) Importer(815301076,1909f56bfc062723c751e8b465ee728b)  -> (artifact id: 'bb4a5eadf0f2e77ef3fd9d0fd70d077d') in 0.008788 seconds 
========================================================================
Received Import Request.
  Time since last request: 0.798972 seconds.
  path: Packages/com.nianticlabs.lightship.sharedar/package.json
  artifactKey: Guid(e5c8d9b09c05b40349231a4a46a083cb) Importer(815301076,1909f56bfc062723c751e8b465ee728b)
Start importing Packages/com.nianticlabs.lightship.sharedar/package.json using Guid(e5c8d9b09c05b40349231a4a46a083cb) Importer(815301076,1909f56bfc062723c751e8b465ee728b)  -> (artifact id: 'c7d9392aecf7b419292f08d591df7477') in 0.001965 seconds 
========================================================================
Received Import Request.
  Time since last request: 476.211296 seconds.
  path: Assets/XR/Loaders/AR Core Loader.asset
  artifactKey: Guid(9c80f29597f1ebc4f89f8daad8b9cf07) Importer(815301076,1909f56bfc062723c751e8b465ee728b)
Start importing Assets/XR/Loaders/AR Core Loader.asset using Guid(9c80f29597f1ebc4f89f8daad8b9cf07) Importer(815301076,1909f56bfc062723c751e8b465ee728b)  -> (artifact id: '263fe1462778384186cde717a6204d4c') in 0.008634 seconds 
========================================================================
Received Import Request.
  Time since last request: 0.000021 seconds.
  path: Assets/XR/Loaders/Lightship Standalone Loader.asset
  artifactKey: Guid(0831f134a3b65844dafdbbe0a59a7646) Importer(815301076,1909f56bfc062723c751e8b465ee728b)
Start importing Assets/XR/Loaders/Lightship Standalone Loader.asset using Guid(0831f134a3b65844dafdbbe0a59a7646) Importer(815301076,1909f56bfc062723c751e8b465ee728b)  -> (artifact id: '7acdd3a45391368218b794dabe2cf298') in 0.006634 seconds 
========================================================================
Received Import Request.
  Time since last request: 0.000021 seconds.
  path: Assets/XR/Loaders/Lightship AR Core Loader.asset
  artifactKey: Guid(c0e504e6a1f9c3c4a8f1a73913b3a6e0) Importer(815301076,1909f56bfc062723c751e8b465ee728b)
Start importing Assets/XR/Loaders/Lightship AR Core Loader.asset using Guid(c0e504e6a1f9c3c4a8f1a73913b3a6e0) Importer(815301076,1909f56bfc062723c751e8b465ee728b)  -> (artifact id: 'cd3d822aff1abd4ffaf3f31a77616faa') in 0.006392 seconds 
========================================================================
Received Import Request.
  Time since last request: 0.000021 seconds.
  path: Assets/XR/Loaders/Simulation Loader.asset
  artifactKey: Guid(ec54d9c3c58e5a2478494cd762821559) Importer(815301076,1909f56bfc062723c751e8b465ee728b)
Start importing Assets/XR/Loaders/Simulation Loader.asset using Guid(ec54d9c3c58e5a2478494cd762821559) Importer(815301076,1909f56bfc062723c751e8b465ee728b)  -> (artifact id: '9b9b2a1a74a8f5af3eb8eecb17680f01') in 0.006937 seconds 
========================================================================
Received Import Request.
  Time since last request: 7.461271 seconds.
  path: Assets/XR/Settings/AR Kit Settings.asset
  artifactKey: Guid(8019f01c77fda57438307665b9723820) Importer(815301076,1909f56bfc062723c751e8b465ee728b)
Start importing Assets/XR/Settings/AR Kit Settings.asset using Guid(8019f01c77fda57438307665b9723820) Importer(815301076,1909f56bfc062723c751e8b465ee728b)  -> (artifact id: '7355f211ce0aa0dfcb1532920fb90646') in 0.006513 seconds 
========================================================================
Received Import Request.
  Time since last request: 0.000020 seconds.
  path: Assets/XR/Settings/XR Simulation Settings.asset
  artifactKey: Guid(c9de634973f061d4286bc731aceeaa26) Importer(815301076,1909f56bfc062723c751e8b465ee728b)
Start importing Assets/XR/Settings/XR Simulation Settings.asset using Guid(c9de634973f061d4286bc731aceeaa26) Importer(815301076,1909f56bfc062723c751e8b465ee728b)  -> (artifact id: 'f4c5ab7ca5f47ac662757fe4d293b01f') in 0.006530 seconds 
========================================================================
Received Prepare
Registering precompiled user dll's ...
Registered in 0.013218 seconds.
Begin MonoManager ReloadAssembly
Native extension for WindowsStandalone target not found
Native extension for iOS target not found
Native extension for Android target not found
Native extension for WebGL target not found
Refreshing native plugins compatible for Editor in 2.47 ms, found 10 plugins.
Preloading 0 native plugins for Editor in 0.00 ms.
[ScriptCompilation] NOT recompiling all scripts because this is an import worker process. Reason to compile was: Define symbols changed
You have project configuration issues (Missing Lightship API Key). Please navigate to Lightship -> Project Validation to resolve them
UnityEngine.StackTraceUtility:ExtractStackTrace ()
UnityEngine.DebugLogHandler:LogFormat (UnityEngine.LogType,UnityEngine.Object,string,object[])
UnityEngine.Logger:Log (UnityEngine.LogType,object)
UnityEngine.Debug:LogWarning (object)
Niantic.Lightship.AR.Loader.LightshipSettings:ValidateApiKey (string) (at C:/Users/biao3/Downloads/ardk-upm-main/ardk-upm-main/Runtime/Loader/LightshipSettings.cs:183)
Niantic.Lightship.AR.Loader.LightshipSettings:GetOrCreateInstance () (at C:/Users/biao3/Downloads/ardk-upm-main/ardk-upm-main/Runtime/Loader/LightshipSettings.cs:174)
Niantic.Lightship.AR.Loader.LightshipSettings:get_Instance () (at C:/Users/biao3/Downloads/ardk-upm-main/ardk-upm-main/Runtime/Loader/LightshipSettings.cs:148)
Niantic.Lightship.AR.Editor.LightshipSDKProjectValidationRules:.cctor () (at C:/Users/biao3/Downloads/ardk-upm-main/ardk-upm-main/Editor/ProjectValidation/LightshipSDKProjectValidationRules.cs:17)
System.Reflection.RuntimeMethodInfo:Invoke (object,System.Reflection.BindingFlags,System.Reflection.Binder,object[],System.Globalization.CultureInfo)
System.Reflection.MethodBase:Invoke (object,object[])
UnityEditor.EditorAssemblies:ProcessInitializeOnLoadMethodAttributes ()

(Filename: C:/Users/biao3/Downloads/ardk-upm-main/ardk-upm-main/Runtime/Loader/LightshipSettings.cs Line: 183)

Mono: successfully reloaded assembly
- Completed reload, in  1.233 seconds
Domain Reload Profiling:
	ReloadAssembly (1234ms)
		BeginReloadAssembly (132ms)
			ExecutionOrderSort (0ms)
			DisableScriptedObjects (4ms)
			BackupInstance (0ms)
			ReleaseScriptingObjects (0ms)
			CreateAndSetChildDomain (43ms)
		EndReloadAssembly (1029ms)
			LoadAssemblies (99ms)
			RebuildTransferFunctionScriptingTraits (0ms)
			SetupTypeCache (263ms)
			ReleaseScriptCaches (2ms)
			RebuildScriptCaches (40ms)
			SetupLoadedEditorAssemblies (568ms)
				LogAssemblyErrors (0ms)
				InitializePlatformSupportModulesInManaged (23ms)
				SetLoadedEditorAssemblies (0ms)
				RefreshPlugins (3ms)
				BeforeProcessingInitializeOnLoad (111ms)
				ProcessInitializeOnLoadAttributes (346ms)
				ProcessInitializeOnLoadMethodAttributes (81ms)
				AfterProcessingInitializeOnLoad (2ms)
				EditorAssembliesLoaded (0ms)
			ExecutionOrderSort2 (0ms)
			AwakeInstancesAfterBackupRestoration (13ms)
Platform modules already initialized, skipping
Refreshing native plugins compatible for Editor in 6.16 ms, found 10 plugins.
Preloading 0 native plugins for Editor in 0.00 ms.
Unloading 6735 Unused Serialized files (Serialized files now loaded: 0)
Unloading 87 unused Assets / (2.5 MB). Loaded Objects now: 7313.
Memory consumption went from 253.1 MB to 250.6 MB.
Total: 6.321700 ms (FindLiveObjects: 0.490400 ms CreateObjectMapping: 0.534600 ms MarkObjects: 4.015900 ms  DeleteObjects: 1.279600 ms)

AssetImportParameters requested are different than current active one (requested -> active):
  custom:video-decoder-ogg-theora: a1e56fd34408186e4bbccfd4996cb3dc -> 
  custom:container-muxer-webm: aa71ff27fc2769a1b78a27578f13a17b -> 
  custom:container-demuxer-webm: 4f35f7cbe854078d1ac9338744f61a02 -> 
  custom:video-encoder-webm-vp8: eb34c28f22e8b96e1ab97ce403110664 -> 
  custom:audio-encoder-webm-vorbis: bf7c407c2cedff20999df2af8eb42d56 -> 
  custom:framework-win-MediaFoundation: 216162199b28c13a410421893ffa2e32 -> 
  custom:container-demuxer-ogg: 62fdf1f143b41e24485cea50d1cbac27 -> 
  custom:video-decoder-webm-vp8: 9c59270c3fd7afecdb556c50c9e8de78 -> 
  custom:audio-decoder-ogg-vorbis: bf7c407c2cedff20999df2af8eb42d56 -> 
========================================================================
Received Prepare
Registering precompiled user dll's ...
Registered in 0.013366 seconds.
Begin MonoManager ReloadAssembly
Native extension for WindowsStandalone target not found
Native extension for iOS target not found
Native extension for Android target not found
Native extension for WebGL target not found
Refreshing native plugins compatible for Editor in 1.53 ms, found 10 plugins.
Preloading 0 native plugins for Editor in 0.00 ms.
You have project configuration issues (Missing Lightship API Key). Please navigate to Lightship -> Project Validation to resolve them
UnityEngine.StackTraceUtility:ExtractStackTrace ()
UnityEngine.DebugLogHandler:LogFormat (UnityEngine.LogType,UnityEngine.Object,string,object[])
UnityEngine.Logger:Log (UnityEngine.LogType,object)
UnityEngine.Debug:LogWarning (object)
Niantic.Lightship.AR.Loader.LightshipSettings:ValidateApiKey (string) (at C:/Users/biao3/Downloads/ardk-upm-main/ardk-upm-main/Runtime/Loader/LightshipSettings.cs:183)
Niantic.Lightship.AR.Loader.LightshipSettings:GetOrCreateInstance () (at C:/Users/biao3/Downloads/ardk-upm-main/ardk-upm-main/Runtime/Loader/LightshipSettings.cs:174)
Niantic.Lightship.AR.Loader.LightshipSettings:get_Instance () (at C:/Users/biao3/Downloads/ardk-upm-main/ardk-upm-main/Runtime/Loader/LightshipSettings.cs:148)
Niantic.Lightship.AR.Editor.LightshipSDKProjectValidationRules:.cctor () (at C:/Users/biao3/Downloads/ardk-upm-main/ardk-upm-main/Editor/ProjectValidation/LightshipSDKProjectValidationRules.cs:17)
System.Reflection.RuntimeMethodInfo:Invoke (object,System.Reflection.BindingFlags,System.Reflection.Binder,object[],System.Globalization.CultureInfo)
System.Reflection.MethodBase:Invoke (object,object[])
UnityEditor.EditorAssemblies:ProcessInitializeOnLoadMethodAttributes ()

(Filename: C:/Users/biao3/Downloads/ardk-upm-main/ardk-upm-main/Runtime/Loader/LightshipSettings.cs Line: 183)

Mono: successfully reloaded assembly
- Completed reload, in  1.233 seconds
Domain Reload Profiling:
	ReloadAssembly (1234ms)
		BeginReloadAssembly (139ms)
			ExecutionOrderSort (0ms)
			DisableScriptedObjects (4ms)
			BackupInstance (0ms)
			ReleaseScriptingObjects (0ms)
			CreateAndSetChildDomain (47ms)
		EndReloadAssembly (1015ms)
			LoadAssemblies (102ms)
			RebuildTransferFunctionScriptingTraits (0ms)
			SetupTypeCache (244ms)
			ReleaseScriptCaches (2ms)
			RebuildScriptCaches (37ms)
			SetupLoadedEditorAssemblies (581ms)
				LogAssemblyErrors (0ms)
				InitializePlatformSupportModulesInManaged (21ms)
				SetLoadedEditorAssemblies (0ms)
				RefreshPlugins (2ms)
				BeforeProcessingInitializeOnLoad (98ms)
				ProcessInitializeOnLoadAttributes (374ms)
				ProcessInitializeOnLoadMethodAttributes (82ms)
				AfterProcessingInitializeOnLoad (2ms)
				EditorAssembliesLoaded (0ms)
			ExecutionOrderSort2 (0ms)
			AwakeInstancesAfterBackupRestoration (14ms)
Platform modules already initialized, skipping
Refreshing native plugins compatible for Editor in 5.48 ms, found 10 plugins.
Preloading 0 native plugins for Editor in 0.00 ms.
Unloading 6733 Unused Serialized files (Serialized files now loaded: 0)
Unloading 79 unused Assets / (2.5 MB). Loaded Objects now: 7317.
Memory consumption went from 253.1 MB to 250.6 MB.
Total: 5.003300 ms (FindLiveObjects: 0.424900 ms CreateObjectMapping: 0.158300 ms MarkObjects: 3.357900 ms  DeleteObjects: 1.060400 ms)

AssetImportParameters requested are different than current active one (requested -> active):
  custom:video-decoder-ogg-theora: a1e56fd34408186e4bbccfd4996cb3dc -> 
  custom:container-muxer-webm: aa71ff27fc2769a1b78a27578f13a17b -> 
  custom:container-demuxer-webm: 4f35f7cbe854078d1ac9338744f61a02 -> 
  custom:video-encoder-webm-vp8: eb34c28f22e8b96e1ab97ce403110664 -> 
  custom:audio-encoder-webm-vorbis: bf7c407c2cedff20999df2af8eb42d56 -> 
  custom:framework-win-MediaFoundation: 216162199b28c13a410421893ffa2e32 -> 
  custom:container-demuxer-ogg: 62fdf1f143b41e24485cea50d1cbac27 -> 
  custom:video-decoder-webm-vp8: 9c59270c3fd7afecdb556c50c9e8de78 -> 
  custom:audio-decoder-ogg-vorbis: bf7c407c2cedff20999df2af8eb42d56 -> 
