Using pre-set license
Built from '2021.3/staging' branch; Version is '2021.3.15f1 (e8e88683f834) revision 15263878'; Using compiler version '192829333'; Build Type 'Release'
OS: 'Windows 11  (10.0.22621) 64bit Core' Language: 'en' Physical Memory: 65329 MB
BatchMode: 1, IsHumanControllingUs: 0, StartBugReporterOnCrash: 0, Is64bit: 1, IsPro: 1

COMMAND LINE ARGUMENTS:
H:\Unity\2021.3.15f1\Editor\Unity.exe
-adb2
-batchMode
-noUpm
-name
AssetImportWorker4
-projectPath
G:/Unity Projects/Grid Defence/Grid-Defence-ARDK3.0/Grid Defense
-logFile
Logs/AssetImportWorker4.log
-srvPort
55770
Successfully changed project path to: G:/Unity Projects/Grid Defence/Grid-Defence-ARDK3.0/Grid Defense
G:/Unity Projects/Grid Defence/Grid-Defence-ARDK3.0/Grid Defense
[UnityMemory] Configuration Parameters - Can be set up in boot.config
    "memorysetup-bucket-allocator-granularity=16"
    "memorysetup-bucket-allocator-bucket-count=8"
    "memorysetup-bucket-allocator-block-size=33554432"
    "memorysetup-bucket-allocator-block-count=8"
    "memorysetup-main-allocator-block-size=16777216"
    "memorysetup-thread-allocator-block-size=16777216"
    "memorysetup-gfx-main-allocator-block-size=16777216"
    "memorysetup-gfx-thread-allocator-block-size=16777216"
    "memorysetup-cache-allocator-block-size=4194304"
    "memorysetup-typetree-allocator-block-size=2097152"
    "memorysetup-profiler-bucket-allocator-granularity=16"
    "memorysetup-profiler-bucket-allocator-bucket-count=8"
    "memorysetup-profiler-bucket-allocator-block-size=33554432"
    "memorysetup-profiler-bucket-allocator-block-count=8"
    "memorysetup-profiler-allocator-block-size=16777216"
    "memorysetup-profiler-editor-allocator-block-size=1048576"
    "memorysetup-temp-allocator-size-main=16777216"
    "memorysetup-job-temp-allocator-block-size=2097152"
    "memorysetup-job-temp-allocator-block-size-background=1048576"
    "memorysetup-job-temp-allocator-reduction-small-platforms=262144"
    "memorysetup-temp-allocator-size-background-worker=32768"
    "memorysetup-temp-allocator-size-job-worker=262144"
    "memorysetup-temp-allocator-size-preload-manager=33554432"
    "memorysetup-temp-allocator-size-nav-mesh-worker=65536"
    "memorysetup-temp-allocator-size-audio-worker=65536"
    "memorysetup-temp-allocator-size-cloud-worker=32768"
    "memorysetup-temp-allocator-size-gi-baking-worker=262144"
    "memorysetup-temp-allocator-size-gfx=262144"
Player connection [1492] Host "[IP] 192.168.50.186 [Port] 0 [Flags] 2 [Guid] 1488726528 [EditorId] 1488726528 [Version] 1048832 [Id] WindowsEditor(7,BLD) [Debug] 1 [PackageName] WindowsEditor [ProjectName] Editor" joined multi-casting on [225.0.0.222:54997]...

Player connection [1492] Host "[IP] 192.168.50.186 [Port] 0 [Flags] 2 [Guid] 1488726528 [EditorId] 1488726528 [Version] 1048832 [Id] WindowsEditor(7,BLD) [Debug] 1 [PackageName] WindowsEditor [ProjectName] Editor" joined alternative multi-casting on [225.0.0.222:34997]...

Refreshing native plugins compatible for Editor in 112.01 ms, found 10 plugins.
Preloading 0 native plugins for Editor in 0.00 ms.
Initialize engine version: 2021.3.15f1 (e8e88683f834)
[Subsystems] Discovering subsystems at path H:/Unity/2021.3.15f1/Editor/Data/Resources/UnitySubsystems
[Subsystems] Discovering subsystems at path G:/Unity Projects/Grid Defence/Grid-Defence-ARDK3.0/Grid Defense/Assets
GfxDevice: creating device client; threaded=0; jobified=0
Direct3D:
    Version:  Direct3D 11.0 [level 11.1]
    Renderer: NVIDIA GeForce RTX 3080 (ID=0x2206)
    Vendor:   NVIDIA
    VRAM:     10067 MB
    Driver:   31.0.15.3161
Initialize mono
Mono path[0] = 'H:/Unity/2021.3.15f1/Editor/Data/Managed'
Mono path[1] = 'H:/Unity/2021.3.15f1/Editor/Data/MonoBleedingEdge/lib/mono/unityjit-win32'
Mono config path = 'H:/Unity/2021.3.15f1/Editor/Data/MonoBleedingEdge/etc'
Using monoOptions --debugger-agent=transport=dt_socket,embedding=1,server=y,suspend=n,address=127.0.0.1:56952
Begin MonoManager ReloadAssembly
Registering precompiled unity dll's ...
Register platform support module: H:/Unity/2021.3.15f1/Editor/Data/PlaybackEngines/WebGLSupport/UnityEditor.WebGL.Extensions.dll
Register platform support module: H:/Unity/2021.3.15f1/Editor/Data/PlaybackEngines/AndroidPlayer/UnityEditor.Android.Extensions.dll
Register platform support module: H:/Unity/2021.3.15f1/Editor/Data/PlaybackEngines/iOSSupport/UnityEditor.iOS.Extensions.dll
Register platform support module: H:/Unity/2021.3.15f1/Editor/Data/PlaybackEngines/WindowsStandaloneSupport/UnityEditor.WindowsStandalone.Extensions.dll
Registered in 0.002919 seconds.
Native extension for WindowsStandalone target not found
Native extension for iOS target not found
Native extension for Android target not found
Native extension for WebGL target not found
Refreshing native plugins compatible for Editor in 100.71 ms, found 10 plugins.
Preloading 0 native plugins for Editor in 0.00 ms.
Mono: successfully reloaded assembly
- Completed reload, in  0.527 seconds
Domain Reload Profiling:
	ReloadAssembly (528ms)
		BeginReloadAssembly (61ms)
			ExecutionOrderSort (0ms)
			DisableScriptedObjects (0ms)
			BackupInstance (0ms)
			ReleaseScriptingObjects (0ms)
			CreateAndSetChildDomain (1ms)
		EndReloadAssembly (393ms)
			LoadAssemblies (62ms)
			RebuildTransferFunctionScriptingTraits (0ms)
			SetupTypeCache (77ms)
			ReleaseScriptCaches (0ms)
			RebuildScriptCaches (20ms)
			SetupLoadedEditorAssemblies (254ms)
				LogAssemblyErrors (0ms)
				InitializePlatformSupportModulesInManaged (46ms)
				SetLoadedEditorAssemblies (0ms)
				RefreshPlugins (101ms)
				BeforeProcessingInitializeOnLoad (1ms)
				ProcessInitializeOnLoadAttributes (72ms)
				ProcessInitializeOnLoadMethodAttributes (34ms)
				AfterProcessingInitializeOnLoad (0ms)
				EditorAssembliesLoaded (0ms)
			ExecutionOrderSort2 (0ms)
			AwakeInstancesAfterBackupRestoration (0ms)
Platform modules already initialized, skipping
Registering precompiled user dll's ...
Registered in 0.012533 seconds.
Begin MonoManager ReloadAssembly
Native extension for WindowsStandalone target not found
Native extension for iOS target not found
Native extension for Android target not found
Native extension for WebGL target not found
Refreshing native plugins compatible for Editor in 102.17 ms, found 10 plugins.
Preloading 0 native plugins for Editor in 0.00 ms.
[ScriptCompilation] NOT recompiling all scripts because this is an import worker process. Reason to compile was: Define symbols changed
Package Manager log level set to [2]
You have project configuration issues (Missing Lightship API Key). Please navigate to Lightship -> Project Validation to resolve them
UnityEngine.StackTraceUtility:ExtractStackTrace ()
UnityEngine.DebugLogHandler:LogFormat (UnityEngine.LogType,UnityEngine.Object,string,object[])
UnityEngine.Logger:Log (UnityEngine.LogType,object)
UnityEngine.Debug:LogWarning (object)
Niantic.Lightship.AR.Loader.LightshipSettings:ValidateApiKey (string) (at C:/Users/biao3/Downloads/ardk-upm-main/ardk-upm-main/Runtime/Loader/LightshipSettings.cs:183)
Niantic.Lightship.AR.Loader.LightshipSettings:GetOrCreateInstance () (at C:/Users/biao3/Downloads/ardk-upm-main/ardk-upm-main/Runtime/Loader/LightshipSettings.cs:174)
Niantic.Lightship.AR.Loader.LightshipSettings:get_Instance () (at C:/Users/biao3/Downloads/ardk-upm-main/ardk-upm-main/Runtime/Loader/LightshipSettings.cs:148)
Niantic.Lightship.AR.Editor.LightshipSDKProjectValidationRules:.cctor () (at C:/Users/biao3/Downloads/ardk-upm-main/ardk-upm-main/Editor/ProjectValidation/LightshipSDKProjectValidationRules.cs:17)
System.Reflection.RuntimeMethodInfo:Invoke (object,System.Reflection.BindingFlags,System.Reflection.Binder,object[],System.Globalization.CultureInfo)
System.Reflection.MethodBase:Invoke (object,object[])
UnityEditor.EditorAssemblies:ProcessInitializeOnLoadMethodAttributes ()

(Filename: C:/Users/biao3/Downloads/ardk-upm-main/ardk-upm-main/Runtime/Loader/LightshipSettings.cs Line: 183)

Mono: successfully reloaded assembly
- Completed reload, in  1.411 seconds
Domain Reload Profiling:
	ReloadAssembly (1412ms)
		BeginReloadAssembly (199ms)
			ExecutionOrderSort (0ms)
			DisableScriptedObjects (5ms)
			BackupInstance (0ms)
			ReleaseScriptingObjects (0ms)
			CreateAndSetChildDomain (126ms)
		EndReloadAssembly (1130ms)
			LoadAssemblies (86ms)
			RebuildTransferFunctionScriptingTraits (0ms)
			SetupTypeCache (231ms)
			ReleaseScriptCaches (1ms)
			RebuildScriptCaches (57ms)
			SetupLoadedEditorAssemblies (720ms)
				LogAssemblyErrors (0ms)
				InitializePlatformSupportModulesInManaged (16ms)
				SetLoadedEditorAssemblies (0ms)
				RefreshPlugins (102ms)
				BeforeProcessingInitializeOnLoad (132ms)
				ProcessInitializeOnLoadAttributes (384ms)
				ProcessInitializeOnLoadMethodAttributes (84ms)
				AfterProcessingInitializeOnLoad (2ms)
				EditorAssembliesLoaded (0ms)
			ExecutionOrderSort2 (0ms)
			AwakeInstancesAfterBackupRestoration (5ms)
Platform modules already initialized, skipping
========================================================================
Worker process is ready to serve import requests
Launched and connected shader compiler UnityShaderCompiler.exe after 0.03 seconds
Refreshing native plugins compatible for Editor in 1.37 ms, found 10 plugins.
Preloading 0 native plugins for Editor in 0.00 ms.
Unloading 6882 Unused Serialized files (Serialized files now loaded: 0)
Unloading 89 unused Assets / (2.5 MB). Loaded Objects now: 7316.
Memory consumption went from 262.5 MB to 260.0 MB.
Total: 4.861500 ms (FindLiveObjects: 0.450500 ms CreateObjectMapping: 0.200200 ms MarkObjects: 3.287400 ms  DeleteObjects: 0.921700 ms)

AssetImportParameters requested are different than current active one (requested -> active):
  custom:video-decoder-ogg-theora: a1e56fd34408186e4bbccfd4996cb3dc -> 
  custom:container-muxer-webm: aa71ff27fc2769a1b78a27578f13a17b -> 
  custom:container-demuxer-webm: 4f35f7cbe854078d1ac9338744f61a02 -> 
  custom:video-encoder-webm-vp8: eb34c28f22e8b96e1ab97ce403110664 -> 
  custom:audio-encoder-webm-vorbis: bf7c407c2cedff20999df2af8eb42d56 -> 
  custom:framework-win-MediaFoundation: 216162199b28c13a410421893ffa2e32 -> 
  custom:container-demuxer-ogg: 62fdf1f143b41e24485cea50d1cbac27 -> 
  custom:video-decoder-webm-vp8: 9c59270c3fd7afecdb556c50c9e8de78 -> 
  custom:audio-decoder-ogg-vorbis: bf7c407c2cedff20999df2af8eb42d56 -> 
========================================================================
Received Import Request.
  Time since last request: 3005.768971 seconds.
  path: Assets/XR/Resources/XRSimulationRuntimeSettings.asset
  artifactKey: Guid(51180e5b5ff963843ad03b6663815038) Importer(815301076,1909f56bfc062723c751e8b465ee728b)
Start importing Assets/XR/Resources/XRSimulationRuntimeSettings.asset using Guid(51180e5b5ff963843ad03b6663815038) Importer(815301076,1909f56bfc062723c751e8b465ee728b)  -> (artifact id: '915736756007ba99fdcfeff42b84b74f') in 0.042072 seconds 
========================================================================
Received Import Request.
  Time since last request: 0.716176 seconds.
  path: Assets/XR/UserSimulationSettings/SimulationEnvironmentAssetsManager.asset
  artifactKey: Guid(6f77a566bc626984699bb0f09f8a01a7) Importer(815301076,1909f56bfc062723c751e8b465ee728b)
Start importing Assets/XR/UserSimulationSettings/SimulationEnvironmentAssetsManager.asset using Guid(6f77a566bc626984699bb0f09f8a01a7) Importer(815301076,1909f56bfc062723c751e8b465ee728b) ScriptableSingleton UnityEditor.XR.Simulation.SimulationEnvironmentAssetsManager already exists. This can happen if there are two copies of the asset or if you query the singleton in a constructor.
UnityEngine.StackTraceUtility:ExtractStackTrace ()
UnityEngine.DebugLogHandler:LogFormat (UnityEngine.LogType,UnityEngine.Object,string,object[])
UnityEngine.Logger:Log (UnityEngine.LogType,object,UnityEngine.Object)
UnityEngine.Debug:LogError (object,UnityEngine.Object)
Unity.XR.CoreUtils.XRLoggingUtils:LogError (string,UnityEngine.Object) (at Library/PackageCache/com.unity.xr.core-utils@2.1.0/Runtime/XRLoggingUtils.cs:49)
Unity.XR.CoreUtils.ScriptableSettingsBase`1<UnityEditor.XR.Simulation.SimulationEnvironmentAssetsManager>:.ctor () (at Library/PackageCache/com.unity.xr.core-utils@2.1.0/Runtime/ScriptableSettingsBase.cs:172)
Unity.XR.CoreUtils.Editor.EditorScriptableSettings`1<UnityEditor.XR.Simulation.SimulationEnvironmentAssetsManager>:.ctor ()
UnityEditor.XR.Simulation.SimulationEnvironmentAssetsManager:.ctor () (at Library/PackageCache/com.unity.xr.arfoundation@5.0.7/Editor/Simulation/SimulationEnvironmentAssetsManager.cs:32)

(Filename: Library/PackageCache/com.unity.xr.core-utils@2.1.0/Runtime/XRLoggingUtils.cs Line: 49)

 -> (artifact id: '1aa7b0926f8311bfe0cc3b51a4c9eddc') in 0.006917 seconds 
========================================================================
Received Import Request.
  Time since last request: 1.316039 seconds.
  path: Assets/XR/Settings/AR Core Settings.asset
  artifactKey: Guid(48f49e63f1d05da49b1d609bc5c4ebd3) Importer(815301076,1909f56bfc062723c751e8b465ee728b)
Start importing Assets/XR/Settings/AR Core Settings.asset using Guid(48f49e63f1d05da49b1d609bc5c4ebd3) Importer(815301076,1909f56bfc062723c751e8b465ee728b)  -> (artifact id: 'f812cacb743ba7fadd6d4ff02215a213') in 0.007479 seconds 
========================================================================
Received Import Request.
  Time since last request: 0.000022 seconds.
  path: Assets/XR/Settings/OpenXR Package Settings.asset
  artifactKey: Guid(71cf21b6c41f84e45923e5fb87d2c926) Importer(815301076,1909f56bfc062723c751e8b465ee728b)
Start importing Assets/XR/Settings/OpenXR Package Settings.asset using Guid(71cf21b6c41f84e45923e5fb87d2c926) Importer(815301076,1909f56bfc062723c751e8b465ee728b)  -> (artifact id: '010953bd84c13a80194f2b27f781cfc5') in 0.007424 seconds 
========================================================================
Received Import Request.
  Time since last request: 80.871380 seconds.
  path: Assets/ardk-samples-main/Packages
  artifactKey: Guid(2da57412e8d8f314cb01652cb4e73e30) Importer(815301076,1909f56bfc062723c751e8b465ee728b)
Start importing Assets/ardk-samples-main/Packages using Guid(2da57412e8d8f314cb01652cb4e73e30) Importer(815301076,1909f56bfc062723c751e8b465ee728b)  -> (artifact id: '572b3ce05ba8e2ef81a6c5837bc727d4') in 0.006686 seconds 
========================================================================
Received Import Request.
  Time since last request: 8.306808 seconds.
  path: Assets/ardk-samples-main/Assets/Samples
  artifactKey: Guid(375703337f8a146cb8d231d8f74447bc) Importer(815301076,1909f56bfc062723c751e8b465ee728b)
Start importing Assets/ardk-samples-main/Assets/Samples using Guid(375703337f8a146cb8d231d8f74447bc) Importer(815301076,1909f56bfc062723c751e8b465ee728b)  -> (artifact id: 'f621abf4817be81a2fc2f401e74b9e63') in 0.006038 seconds 
========================================================================
Received Import Request.
  Time since last request: 7.311435 seconds.
  path: Assets/ardk-samples-main/Assets/Samples/Common
  artifactKey: Guid(156fbf64c62574e3dbc8bd4284afc06b) Importer(815301076,1909f56bfc062723c751e8b465ee728b)
Start importing Assets/ardk-samples-main/Assets/Samples/Common using Guid(156fbf64c62574e3dbc8bd4284afc06b) Importer(815301076,1909f56bfc062723c751e8b465ee728b)  -> (artifact id: 'd9d3400f577307fee36b8db0422be658') in 0.005804 seconds 
========================================================================
Received Import Request.
  Time since last request: 5.425555 seconds.
  path: Assets/ardk-samples-main/Assets/Samples/Home/Scenes
  artifactKey: Guid(8bd90c03badde40d69bdf4032d65d40b) Importer(815301076,1909f56bfc062723c751e8b465ee728b)
Start importing Assets/ardk-samples-main/Assets/Samples/Home/Scenes using Guid(8bd90c03badde40d69bdf4032d65d40b) Importer(815301076,1909f56bfc062723c751e8b465ee728b)  -> (artifact id: '9a1bc6b71d5180089d76290cd340016b') in 0.005607 seconds 
========================================================================
Received Import Request.
  Time since last request: 0.811855 seconds.
  path: Assets/ardk-samples-main/Assets/Samples/Home/Scenes/Home.unity
  artifactKey: Guid(1bba4cece25a3458f8d2983b1cd85e83) Importer(815301076,1909f56bfc062723c751e8b465ee728b)
Start importing Assets/ardk-samples-main/Assets/Samples/Home/Scenes/Home.unity using Guid(1bba4cece25a3458f8d2983b1cd85e83) Importer(815301076,1909f56bfc062723c751e8b465ee728b)  -> (artifact id: 'f966ef13dabb1b95f2d89a079776fd89') in 0.005847 seconds 
========================================================================
Received Import Request.
  Time since last request: 33.540153 seconds.
  path: Assets/XR/UserSimulationSettings/Resources/XRSimulationPreferences.asset
  artifactKey: Guid(e56bac57d6413cc4198e91dcdeb82913) Importer(815301076,1909f56bfc062723c751e8b465ee728b)
Start importing Assets/XR/UserSimulationSettings/Resources/XRSimulationPreferences.asset using Guid(e56bac57d6413cc4198e91dcdeb82913) Importer(815301076,1909f56bfc062723c751e8b465ee728b)  -> (artifact id: 'df2762b4c2a28ad0523320f9e9e871de') in 0.010809 seconds 
========================================================================
Received Prepare
Registering precompiled user dll's ...
Registered in 0.013187 seconds.
Begin MonoManager ReloadAssembly
Native extension for WindowsStandalone target not found
Native extension for iOS target not found
Native extension for Android target not found
Native extension for WebGL target not found
Refreshing native plugins compatible for Editor in 1.54 ms, found 10 plugins.
Preloading 0 native plugins for Editor in 0.00 ms.
[ScriptCompilation] NOT recompiling all scripts because this is an import worker process. Reason to compile was: Define symbols changed
You have project configuration issues (Missing Lightship API Key). Please navigate to Lightship -> Project Validation to resolve them
UnityEngine.StackTraceUtility:ExtractStackTrace ()
UnityEngine.DebugLogHandler:LogFormat (UnityEngine.LogType,UnityEngine.Object,string,object[])
UnityEngine.Logger:Log (UnityEngine.LogType,object)
UnityEngine.Debug:LogWarning (object)
Niantic.Lightship.AR.Loader.LightshipSettings:ValidateApiKey (string) (at C:/Users/biao3/Downloads/ardk-upm-main/ardk-upm-main/Runtime/Loader/LightshipSettings.cs:183)
Niantic.Lightship.AR.Loader.LightshipSettings:GetOrCreateInstance () (at C:/Users/biao3/Downloads/ardk-upm-main/ardk-upm-main/Runtime/Loader/LightshipSettings.cs:174)
Niantic.Lightship.AR.Loader.LightshipSettings:get_Instance () (at C:/Users/biao3/Downloads/ardk-upm-main/ardk-upm-main/Runtime/Loader/LightshipSettings.cs:148)
Niantic.Lightship.AR.Editor.LightshipSDKProjectValidationRules:.cctor () (at C:/Users/biao3/Downloads/ardk-upm-main/ardk-upm-main/Editor/ProjectValidation/LightshipSDKProjectValidationRules.cs:17)
System.Reflection.RuntimeMethodInfo:Invoke (object,System.Reflection.BindingFlags,System.Reflection.Binder,object[],System.Globalization.CultureInfo)
System.Reflection.MethodBase:Invoke (object,object[])
UnityEditor.EditorAssemblies:ProcessInitializeOnLoadMethodAttributes ()

(Filename: C:/Users/biao3/Downloads/ardk-upm-main/ardk-upm-main/Runtime/Loader/LightshipSettings.cs Line: 183)

Mono: successfully reloaded assembly
- Completed reload, in  1.233 seconds
Domain Reload Profiling:
	ReloadAssembly (1233ms)
		BeginReloadAssembly (132ms)
			ExecutionOrderSort (0ms)
			DisableScriptedObjects (4ms)
			BackupInstance (0ms)
			ReleaseScriptingObjects (0ms)
			CreateAndSetChildDomain (44ms)
		EndReloadAssembly (1029ms)
			LoadAssemblies (97ms)
			RebuildTransferFunctionScriptingTraits (0ms)
			SetupTypeCache (256ms)
			ReleaseScriptCaches (2ms)
			RebuildScriptCaches (41ms)
			SetupLoadedEditorAssemblies (573ms)
				LogAssemblyErrors (0ms)
				InitializePlatformSupportModulesInManaged (24ms)
				SetLoadedEditorAssemblies (0ms)
				RefreshPlugins (2ms)
				BeforeProcessingInitializeOnLoad (112ms)
				ProcessInitializeOnLoadAttributes (347ms)
				ProcessInitializeOnLoadMethodAttributes (85ms)
				AfterProcessingInitializeOnLoad (2ms)
				EditorAssembliesLoaded (0ms)
			ExecutionOrderSort2 (0ms)
			AwakeInstancesAfterBackupRestoration (14ms)
Platform modules already initialized, skipping
Refreshing native plugins compatible for Editor in 5.49 ms, found 10 plugins.
Preloading 0 native plugins for Editor in 0.00 ms.
Unloading 6733 Unused Serialized files (Serialized files now loaded: 0)
Unloading 104 unused Assets / (2.5 MB). Loaded Objects now: 7298.
Memory consumption went from 253.1 MB to 250.6 MB.
Total: 5.206300 ms (FindLiveObjects: 0.431000 ms CreateObjectMapping: 0.150000 ms MarkObjects: 3.377900 ms  DeleteObjects: 1.246300 ms)

AssetImportParameters requested are different than current active one (requested -> active):
  custom:video-decoder-ogg-theora: a1e56fd34408186e4bbccfd4996cb3dc -> 
  custom:container-muxer-webm: aa71ff27fc2769a1b78a27578f13a17b -> 
  custom:container-demuxer-webm: 4f35f7cbe854078d1ac9338744f61a02 -> 
  custom:video-encoder-webm-vp8: eb34c28f22e8b96e1ab97ce403110664 -> 
  custom:audio-encoder-webm-vorbis: bf7c407c2cedff20999df2af8eb42d56 -> 
  custom:framework-win-MediaFoundation: 216162199b28c13a410421893ffa2e32 -> 
  custom:container-demuxer-ogg: 62fdf1f143b41e24485cea50d1cbac27 -> 
  custom:video-decoder-webm-vp8: 9c59270c3fd7afecdb556c50c9e8de78 -> 
  custom:audio-decoder-ogg-vorbis: bf7c407c2cedff20999df2af8eb42d56 -> 
========================================================================
Received Import Request.
  Time since last request: 20.917505 seconds.
  path: Assets/Scenes/SampleScene.unity
  artifactKey: Guid(99c9720ab356a0642a771bea13969a05) Importer(815301076,1909f56bfc062723c751e8b465ee728b)
Start importing Assets/Scenes/SampleScene.unity using Guid(99c9720ab356a0642a771bea13969a05) Importer(815301076,1909f56bfc062723c751e8b465ee728b)  -> (artifact id: '900c85dbde05255071306cdd4e1442c5') in 0.016308 seconds 
========================================================================
Received Prepare
Registering precompiled user dll's ...
Registered in 0.013331 seconds.
Begin MonoManager ReloadAssembly
Native extension for WindowsStandalone target not found
Native extension for iOS target not found
Native extension for Android target not found
Native extension for WebGL target not found
Refreshing native plugins compatible for Editor in 1.47 ms, found 10 plugins.
Preloading 0 native plugins for Editor in 0.00 ms.
[ScriptCompilation] NOT recompiling all scripts because this is an import worker process. Reason to compile was: Define symbols changed
You have project configuration issues (Missing Lightship API Key). Please navigate to Lightship -> Project Validation to resolve them
UnityEngine.StackTraceUtility:ExtractStackTrace ()
UnityEngine.DebugLogHandler:LogFormat (UnityEngine.LogType,UnityEngine.Object,string,object[])
UnityEngine.Logger:Log (UnityEngine.LogType,object)
UnityEngine.Debug:LogWarning (object)
Niantic.Lightship.AR.Loader.LightshipSettings:ValidateApiKey (string) (at C:/Users/biao3/Downloads/ardk-upm-main/ardk-upm-main/Runtime/Loader/LightshipSettings.cs:183)
Niantic.Lightship.AR.Loader.LightshipSettings:GetOrCreateInstance () (at C:/Users/biao3/Downloads/ardk-upm-main/ardk-upm-main/Runtime/Loader/LightshipSettings.cs:174)
Niantic.Lightship.AR.Loader.LightshipSettings:get_Instance () (at C:/Users/biao3/Downloads/ardk-upm-main/ardk-upm-main/Runtime/Loader/LightshipSettings.cs:148)
Niantic.Lightship.AR.Editor.LightshipSDKProjectValidationRules:.cctor () (at C:/Users/biao3/Downloads/ardk-upm-main/ardk-upm-main/Editor/ProjectValidation/LightshipSDKProjectValidationRules.cs:17)
System.Reflection.RuntimeMethodInfo:Invoke (object,System.Reflection.BindingFlags,System.Reflection.Binder,object[],System.Globalization.CultureInfo)
System.Reflection.MethodBase:Invoke (object,object[])
UnityEditor.EditorAssemblies:ProcessInitializeOnLoadMethodAttributes ()

(Filename: C:/Users/biao3/Downloads/ardk-upm-main/ardk-upm-main/Runtime/Loader/LightshipSettings.cs Line: 183)

Mono: successfully reloaded assembly
- Completed reload, in  1.233 seconds
Domain Reload Profiling:
	ReloadAssembly (1234ms)
		BeginReloadAssembly (138ms)
			ExecutionOrderSort (0ms)
			DisableScriptedObjects (5ms)
			BackupInstance (0ms)
			ReleaseScriptingObjects (0ms)
			CreateAndSetChildDomain (46ms)
		EndReloadAssembly (1011ms)
			LoadAssemblies (101ms)
			RebuildTransferFunctionScriptingTraits (0ms)
			SetupTypeCache (237ms)
			ReleaseScriptCaches (2ms)
			RebuildScriptCaches (39ms)
			SetupLoadedEditorAssemblies (585ms)
				LogAssemblyErrors (0ms)
				InitializePlatformSupportModulesInManaged (22ms)
				SetLoadedEditorAssemblies (0ms)
				RefreshPlugins (2ms)
				BeforeProcessingInitializeOnLoad (105ms)
				ProcessInitializeOnLoadAttributes (368ms)
				ProcessInitializeOnLoadMethodAttributes (85ms)
				AfterProcessingInitializeOnLoad (2ms)
				EditorAssembliesLoaded (0ms)
			ExecutionOrderSort2 (0ms)
			AwakeInstancesAfterBackupRestoration (14ms)
Platform modules already initialized, skipping
Refreshing native plugins compatible for Editor in 6.28 ms, found 10 plugins.
Preloading 0 native plugins for Editor in 0.00 ms.
Unloading 6733 Unused Serialized files (Serialized files now loaded: 0)
Unloading 79 unused Assets / (2.5 MB). Loaded Objects now: 7302.
Memory consumption went from 253.0 MB to 250.5 MB.
Total: 5.394800 ms (FindLiveObjects: 0.452200 ms CreateObjectMapping: 0.186800 ms MarkObjects: 3.496700 ms  DeleteObjects: 1.257600 ms)

AssetImportParameters requested are different than current active one (requested -> active):
  custom:video-decoder-ogg-theora: a1e56fd34408186e4bbccfd4996cb3dc -> 
  custom:container-muxer-webm: aa71ff27fc2769a1b78a27578f13a17b -> 
  custom:container-demuxer-webm: 4f35f7cbe854078d1ac9338744f61a02 -> 
  custom:video-encoder-webm-vp8: eb34c28f22e8b96e1ab97ce403110664 -> 
  custom:audio-encoder-webm-vorbis: bf7c407c2cedff20999df2af8eb42d56 -> 
  custom:framework-win-MediaFoundation: 216162199b28c13a410421893ffa2e32 -> 
  custom:container-demuxer-ogg: 62fdf1f143b41e24485cea50d1cbac27 -> 
  custom:video-decoder-webm-vp8: 9c59270c3fd7afecdb556c50c9e8de78 -> 
  custom:audio-decoder-ogg-vorbis: bf7c407c2cedff20999df2af8eb42d56 -> 
